\BOOKMARK [0][-]{chapter.1}{\376\377\0001\000\040\000H\000A\000L\000-\0000\0006\0002\000\040\000O\000p\000e\000r\000a\000t\000i\000o\000n\000a\000l\000\040\000P\000a\000n\000e\000l}{}% 1
\BOOKMARK [1][-]{subsection.1.0.1}{\376\377\0001\000.\0000\000.\0001\000\040\000T\000o\000\040\000r\000e\000a\000d\000\040\000t\000h\000e\000\040\000d\000e\000s\000c\000r\000i\000p\000t\000i\000o\000n\000\040\000o\000f\000\040\000f\000i\000l\000e\000s\000,\000\040\000p\000l\000e\000a\000s\000e\000\040\000o\000p\000e\000n\000\040\000`\000\250\000F\000i\000l\000e\000s\000`\000\250\000\040\000b\000o\000o\000k\000m\000a\000r\000k}{chapter.1}% 2
\BOOKMARK [0][-]{chapter.2}{\376\377\0002\000\040\000C\000l\000a\000s\000s\000\040\000I\000n\000d\000e\000x}{}% 3
\BOOKMARK [1][-]{section.2.1}{\376\377\0002\000.\0001\000\040\000C\000l\000a\000s\000s\000\040\000L\000i\000s\000t}{chapter.2}% 4
\BOOKMARK [0][-]{chapter.3}{\376\377\0003\000\040\000F\000i\000l\000e\000\040\000I\000n\000d\000e\000x}{}% 5
\BOOKMARK [1][-]{section.3.1}{\376\377\0003\000.\0001\000\040\000F\000i\000l\000e\000\040\000L\000i\000s\000t}{chapter.3}% 6
\BOOKMARK [0][-]{chapter.4}{\376\377\0004\000\040\000C\000l\000a\000s\000s\000\040\000D\000o\000c\000u\000m\000e\000n\000t\000a\000t\000i\000o\000n}{}% 7
\BOOKMARK [1][-]{section.4.1}{\376\377\0004\000.\0001\000\040\000c\000a\000m\000e\000r\000a\000S\000w\000i\000t\000c\000h\000\040\000S\000t\000r\000u\000c\000t\000\040\000R\000e\000f\000e\000r\000e\000n\000c\000e}{chapter.4}% 8
\BOOKMARK [2][-]{subsection.4.1.1}{\376\377\0004\000.\0001\000.\0001\000\040\000D\000e\000t\000a\000i\000l\000e\000d\000\040\000D\000e\000s\000c\000r\000i\000p\000t\000i\000o\000n}{section.4.1}% 9
\BOOKMARK [1][-]{section.4.2}{\376\377\0004\000.\0002\000\040\000c\000u\000r\000r\000e\000n\000t\000L\000E\000D\000s\000t\000a\000t\000e\000\040\000S\000t\000r\000u\000c\000t\000\040\000R\000e\000f\000e\000r\000e\000n\000c\000e}{chapter.4}% 10
\BOOKMARK [1][-]{section.4.3}{\376\377\0004\000.\0003\000\040\000J\000o\000y\000s\000t\000i\000c\000k\000\040\000S\000t\000r\000u\000c\000t\000\040\000R\000e\000f\000e\000r\000e\000n\000c\000e}{chapter.4}% 11
\BOOKMARK [2][-]{subsection.4.3.1}{\376\377\0004\000.\0003\000.\0001\000\040\000M\000e\000m\000b\000e\000r\000\040\000D\000a\000t\000a\000\040\000D\000o\000c\000u\000m\000e\000n\000t\000a\000t\000i\000o\000n}{section.4.3}% 12
\BOOKMARK [3][-]{subsubsection.4.3.1.1}{\376\377\0004\000.\0003\000.\0001\000.\0001\000\040\000m\000i\000d\000V\000a\000l}{subsection.4.3.1}% 13
\BOOKMARK [3][-]{subsubsection.4.3.1.2}{\376\377\0004\000.\0003\000.\0001\000.\0002\000\040\000n\000u\000m\000b\000e\000r}{subsection.4.3.1}% 14
\BOOKMARK [3][-]{subsubsection.4.3.1.3}{\376\377\0004\000.\0003\000.\0001\000.\0003\000\040\000x\000P\000o\000s}{subsection.4.3.1}% 15
\BOOKMARK [3][-]{subsubsection.4.3.1.4}{\376\377\0004\000.\0003\000.\0001\000.\0004\000\040\000x\000V\000a\000l}{subsection.4.3.1}% 16
\BOOKMARK [3][-]{subsubsection.4.3.1.5}{\376\377\0004\000.\0003\000.\0001\000.\0005\000\040\000y\000P\000o\000s}{subsection.4.3.1}% 17
\BOOKMARK [3][-]{subsubsection.4.3.1.6}{\376\377\0004\000.\0003\000.\0001\000.\0006\000\040\000y\000V\000a\000l}{subsection.4.3.1}% 18
\BOOKMARK [3][-]{subsubsection.4.3.1.7}{\376\377\0004\000.\0003\000.\0001\000.\0007\000\040\000z\000P\000o\000s}{subsection.4.3.1}% 19
\BOOKMARK [3][-]{subsubsection.4.3.1.8}{\376\377\0004\000.\0003\000.\0001\000.\0008\000\040\000z\000V\000a\000l}{subsection.4.3.1}% 20
\BOOKMARK [0][-]{chapter.5}{\376\377\0005\000\040\000F\000i\000l\000e\000\040\000D\000o\000c\000u\000m\000e\000n\000t\000a\000t\000i\000o\000n}{}% 21
\BOOKMARK [1][-]{section.5.1}{\376\377\0005\000.\0001\000\040\000C\000:\000/\000U\000s\000e\000r\000s\000/\000d\000d\000d\000/\000D\000e\000s\000k\000t\000o\000p\000/\000d\000r\000i\000v\000e\000r\000/\000H\000A\000L\000-\0000\0006\0002\000/\000S\000U\000B\000-\000H\000A\000L\000-\0000\0006\0002\000-\000p\000a\000n\000e\000l\000/\000H\000A\000L\0000\0006\0002\000\137\000p\000a\000n\000e\000l\000/\000M\000o\000d\000u\000l\000e\000s\000/\000b\000u\000t\000t\000o\000n\000s\000/\000b\000u\000t\000t\000o\000n\000s\000.\000c\000\040\000F\000i\000l\000e\000\040\000R\000e\000f\000e\000r\000e\000n\000c\000e}{chapter.5}% 22
\BOOKMARK [2][-]{subsection.5.1.1}{\376\377\0005\000.\0001\000.\0001\000\040\000D\000e\000t\000a\000i\000l\000e\000d\000\040\000D\000e\000s\000c\000r\000i\000p\000t\000i\000o\000n}{section.5.1}% 23
\BOOKMARK [2][-]{subsection.5.1.2}{\376\377\0005\000.\0001\000.\0002\000\040\000F\000u\000n\000c\000t\000i\000o\000n\000\040\000D\000o\000c\000u\000m\000e\000n\000t\000a\000t\000i\000o\000n}{section.5.1}% 24
\BOOKMARK [3][-]{subsubsection.5.1.2.1}{\376\377\0005\000.\0001\000.\0002\000.\0001\000\040\000S\000e\000t\000\137\000L\000E\000D\000\137\000F\000o\000r\000\137\000B\000i\000s\000t\000a\000b\000l\000e\000\050\000\051}{subsection.5.1.2}% 25
\BOOKMARK [2][-]{subsection.5.1.3}{\376\377\0005\000.\0001\000.\0003\000\040\000V\000a\000r\000i\000a\000b\000l\000e\000\040\000D\000o\000c\000u\000m\000e\000n\000t\000a\000t\000i\000o\000n}{section.5.1}% 26
\BOOKMARK [3][-]{subsubsection.5.1.3.1}{\376\377\0005\000.\0001\000.\0003\000.\0001\000\040\000v\000a\000l}{subsection.5.1.3}% 27
\BOOKMARK [1][-]{section.5.2}{\376\377\0005\000.\0002\000\040\000C\000:\000/\000U\000s\000e\000r\000s\000/\000d\000d\000d\000/\000D\000e\000s\000k\000t\000o\000p\000/\000d\000r\000i\000v\000e\000r\000/\000H\000A\000L\000-\0000\0006\0002\000/\000S\000U\000B\000-\000H\000A\000L\000-\0000\0006\0002\000-\000p\000a\000n\000e\000l\000/\000H\000A\000L\0000\0006\0002\000\137\000p\000a\000n\000e\000l\000/\000M\000o\000d\000u\000l\000e\000s\000/\000b\000u\000t\000t\000o\000n\000s\000/\000b\000u\000t\000t\000o\000n\000s\000.\000h\000\040\000F\000i\000l\000e\000\040\000R\000e\000f\000e\000r\000e\000n\000c\000e}{chapter.5}% 28
\BOOKMARK [2][-]{subsection.5.2.1}{\376\377\0005\000.\0002\000.\0001\000\040\000D\000e\000t\000a\000i\000l\000e\000d\000\040\000D\000e\000s\000c\000r\000i\000p\000t\000i\000o\000n}{section.5.2}% 29
\BOOKMARK [2][-]{subsection.5.2.2}{\376\377\0005\000.\0002\000.\0002\000\040\000F\000u\000n\000c\000t\000i\000o\000n\000\040\000D\000o\000c\000u\000m\000e\000n\000t\000a\000t\000i\000o\000n}{section.5.2}% 30
\BOOKMARK [3][-]{subsubsection.5.2.2.1}{\376\377\0005\000.\0002\000.\0002\000.\0001\000\040\000S\000e\000t\000\137\000L\000E\000D\000\137\000F\000o\000r\000\137\000B\000i\000s\000t\000a\000b\000l\000e\000\050\000\051}{subsection.5.2.2}% 31
\BOOKMARK [1][-]{section.5.3}{\376\377\0005\000.\0003\000\040\000b\000u\000t\000t\000o\000n\000s\000.\000h}{chapter.5}% 32
\BOOKMARK [1][-]{section.5.4}{\376\377\0005\000.\0004\000\040\000C\000:\000/\000U\000s\000e\000r\000s\000/\000d\000d\000d\000/\000D\000e\000s\000k\000t\000o\000p\000/\000d\000r\000i\000v\000e\000r\000/\000H\000A\000L\000-\0000\0006\0002\000/\000S\000U\000B\000-\000H\000A\000L\000-\0000\0006\0002\000-\000p\000a\000n\000e\000l\000/\000H\000A\000L\0000\0006\0002\000\137\000p\000a\000n\000e\000l\000/\000M\000o\000d\000u\000l\000e\000s\000/\000b\000u\000t\000t\000o\000n\000s\000/\000b\000u\000t\000t\000o\000n\000s\000\137\000c\000o\000n\000s\000t\000.\000h\000\040\000F\000i\000l\000e\000\040\000R\000e\000f\000e\000r\000e\000n\000c\000e}{chapter.5}% 33
\BOOKMARK [2][-]{subsection.5.4.1}{\376\377\0005\000.\0004\000.\0001\000\040\000D\000e\000t\000a\000i\000l\000e\000d\000\040\000D\000e\000s\000c\000r\000i\000p\000t\000i\000o\000n}{section.5.4}% 34
\BOOKMARK [1][-]{section.5.5}{\376\377\0005\000.\0005\000\040\000b\000u\000t\000t\000o\000n\000s\000\137\000c\000o\000n\000s\000t\000.\000h}{chapter.5}% 35
\BOOKMARK [1][-]{section.5.6}{\376\377\0005\000.\0006\000\040\000C\000:\000/\000U\000s\000e\000r\000s\000/\000d\000d\000d\000/\000D\000e\000s\000k\000t\000o\000p\000/\000d\000r\000i\000v\000e\000r\000/\000H\000A\000L\000-\0000\0006\0002\000/\000S\000U\000B\000-\000H\000A\000L\000-\0000\0006\0002\000-\000p\000a\000n\000e\000l\000/\000H\000A\000L\0000\0006\0002\000\137\000p\000a\000n\000e\000l\000/\000M\000o\000d\000u\000l\000e\000s\000/\000c\000a\000m\000e\000r\000a\000\137\000s\000w\000i\000t\000c\000h\000/\000c\000a\000m\000e\000r\000a\000\137\000s\000w\000i\000t\000c\000h\000.\000c\000\040\000F\000i\000l\000e\000\040\000R\000e\000f\000e\000r\000e\000n\000c\000e}{chapter.5}% 36
\BOOKMARK [2][-]{subsection.5.6.1}{\376\377\0005\000.\0006\000.\0001\000\040\000D\000e\000t\000a\000i\000l\000e\000d\000\040\000D\000e\000s\000c\000r\000i\000p\000t\000i\000o\000n}{section.5.6}% 37
\BOOKMARK [1][-]{section.5.7}{\376\377\0005\000.\0007\000\040\000C\000:\000/\000U\000s\000e\000r\000s\000/\000d\000d\000d\000/\000D\000e\000s\000k\000t\000o\000p\000/\000d\000r\000i\000v\000e\000r\000/\000H\000A\000L\000-\0000\0006\0002\000/\000S\000U\000B\000-\000H\000A\000L\000-\0000\0006\0002\000-\000p\000a\000n\000e\000l\000/\000H\000A\000L\0000\0006\0002\000\137\000p\000a\000n\000e\000l\000/\000M\000o\000d\000u\000l\000e\000s\000/\000c\000a\000m\000e\000r\000a\000\137\000s\000w\000i\000t\000c\000h\000/\000c\000a\000m\000e\000r\000a\000\137\000s\000w\000i\000t\000c\000h\000.\000h\000\040\000F\000i\000l\000e\000\040\000R\000e\000f\000e\000r\000e\000n\000c\000e}{chapter.5}% 38
\BOOKMARK [2][-]{subsection.5.7.1}{\376\377\0005\000.\0007\000.\0001\000\040\000D\000e\000t\000a\000i\000l\000e\000d\000\040\000D\000e\000s\000c\000r\000i\000p\000t\000i\000o\000n}{section.5.7}% 39
\BOOKMARK [1][-]{section.5.8}{\376\377\0005\000.\0008\000\040\000c\000a\000m\000e\000r\000a\000\137\000s\000w\000i\000t\000c\000h\000.\000h}{chapter.5}% 40
\BOOKMARK [1][-]{section.5.9}{\376\377\0005\000.\0009\000\040\000C\000:\000/\000U\000s\000e\000r\000s\000/\000d\000d\000d\000/\000D\000e\000s\000k\000t\000o\000p\000/\000d\000r\000i\000v\000e\000r\000/\000H\000A\000L\000-\0000\0006\0002\000/\000S\000U\000B\000-\000H\000A\000L\000-\0000\0006\0002\000-\000p\000a\000n\000e\000l\000/\000H\000A\000L\0000\0006\0002\000\137\000p\000a\000n\000e\000l\000/\000M\000o\000d\000u\000l\000e\000s\000/\000e\000r\000r\000o\000r\000\137\000h\000a\000n\000d\000l\000e\000r\000s\000/\000e\000r\000r\000o\000r\000\137\000h\000a\000n\000d\000l\000e\000r\000s\000.\000c\000\040\000F\000i\000l\000e\000\040\000R\000e\000f\000e\000r\000e\000n\000c\000e}{chapter.5}% 41
\BOOKMARK [2][-]{subsection.5.9.1}{\376\377\0005\000.\0009\000.\0001\000\040\000D\000e\000t\000a\000i\000l\000e\000d\000\040\000D\000e\000s\000c\000r\000i\000p\000t\000i\000o\000n}{section.5.9}% 42
\BOOKMARK [1][-]{section.5.10}{\376\377\0005\000.\0001\0000\000\040\000C\000:\000/\000U\000s\000e\000r\000s\000/\000d\000d\000d\000/\000D\000e\000s\000k\000t\000o\000p\000/\000d\000r\000i\000v\000e\000r\000/\000H\000A\000L\000-\0000\0006\0002\000/\000S\000U\000B\000-\000H\000A\000L\000-\0000\0006\0002\000-\000p\000a\000n\000e\000l\000/\000H\000A\000L\0000\0006\0002\000\137\000p\000a\000n\000e\000l\000/\000M\000o\000d\000u\000l\000e\000s\000/\000e\000r\000r\000o\000r\000\137\000h\000a\000n\000d\000l\000e\000r\000s\000/\000e\000r\000r\000o\000r\000\137\000h\000a\000n\000d\000l\000e\000r\000s\000.\000h\000\040\000F\000i\000l\000e\000\040\000R\000e\000f\000e\000r\000e\000n\000c\000e}{chapter.5}% 43
\BOOKMARK [2][-]{subsection.5.10.1}{\376\377\0005\000.\0001\0000\000.\0001\000\040\000D\000e\000t\000a\000i\000l\000e\000d\000\040\000D\000e\000s\000c\000r\000i\000p\000t\000i\000o\000n}{section.5.10}% 44
\BOOKMARK [2][-]{subsection.5.10.2}{\376\377\0005\000.\0001\0000\000.\0002\000\040\000E\000n\000u\000m\000e\000r\000a\000t\000i\000o\000n\000\040\000T\000y\000p\000e\000\040\000D\000o\000c\000u\000m\000e\000n\000t\000a\000t\000i\000o\000n}{section.5.10}% 45
\BOOKMARK [3][-]{subsubsection.5.10.2.1}{\376\377\0005\000.\0001\0000\000.\0002\000.\0001\000\040\000e\000r\000r\000o\000r\000C\000o\000d\000e}{subsection.5.10.2}% 46
\BOOKMARK [1][-]{section.5.11}{\376\377\0005\000.\0001\0001\000\040\000e\000r\000r\000o\000r\000\137\000h\000a\000n\000d\000l\000e\000r\000s\000.\000h}{chapter.5}% 47
\BOOKMARK [1][-]{section.5.12}{\376\377\0005\000.\0001\0002\000\040\000C\000:\000/\000U\000s\000e\000r\000s\000/\000d\000d\000d\000/\000D\000e\000s\000k\000t\000o\000p\000/\000d\000r\000i\000v\000e\000r\000/\000H\000A\000L\000-\0000\0006\0002\000/\000S\000U\000B\000-\000H\000A\000L\000-\0000\0006\0002\000-\000p\000a\000n\000e\000l\000/\000H\000A\000L\0000\0006\0002\000\137\000p\000a\000n\000e\000l\000/\000M\000o\000d\000u\000l\000e\000s\000/\000e\000t\000h\000e\000r\000n\000e\000t\000/\000e\000t\000h\000e\000r\000n\000e\000t\000.\000c\000\040\000F\000i\000l\000e\000\040\000R\000e\000f\000e\000r\000e\000n\000c\000e}{chapter.5}% 48
\BOOKMARK [2][-]{subsection.5.12.1}{\376\377\0005\000.\0001\0002\000.\0001\000\040\000D\000e\000t\000a\000i\000l\000e\000d\000\040\000D\000e\000s\000c\000r\000i\000p\000t\000i\000o\000n}{section.5.12}% 49
\BOOKMARK [2][-]{subsection.5.12.2}{\376\377\0005\000.\0001\0002\000.\0002\000\040\000F\000u\000n\000c\000t\000i\000o\000n\000\040\000D\000o\000c\000u\000m\000e\000n\000t\000a\000t\000i\000o\000n}{section.5.12}% 50
\BOOKMARK [3][-]{subsubsection.5.12.2.1}{\376\377\0005\000.\0001\0002\000.\0002\000.\0001\000\040\000E\000t\000h\000\137\000I\000n\000i\000t\000\050\000\051}{subsection.5.12.2}% 51
\BOOKMARK [3][-]{subsubsection.5.12.2.2}{\376\377\0005\000.\0001\0002\000.\0002\000.\0002\000\040\000E\000t\000h\000\137\000R\000e\000c\000e\000i\000v\000e\000\137\000M\000a\000s\000s\000a\000g\000e\000\050\000\051}{subsection.5.12.2}% 52
\BOOKMARK [3][-]{subsubsection.5.12.2.3}{\376\377\0005\000.\0001\0002\000.\0002\000.\0003\000\040\000E\000t\000h\000\137\000S\000e\000n\000d\000\137\000M\000a\000s\000s\000a\000g\000e\000\050\000\051}{subsection.5.12.2}% 53
\BOOKMARK [1][-]{section.5.13}{\376\377\0005\000.\0001\0003\000\040\000C\000:\000/\000U\000s\000e\000r\000s\000/\000d\000d\000d\000/\000D\000e\000s\000k\000t\000o\000p\000/\000d\000r\000i\000v\000e\000r\000/\000H\000A\000L\000-\0000\0006\0002\000/\000S\000U\000B\000-\000H\000A\000L\000-\0000\0006\0002\000-\000p\000a\000n\000e\000l\000/\000H\000A\000L\0000\0006\0002\000\137\000p\000a\000n\000e\000l\000/\000M\000o\000d\000u\000l\000e\000s\000/\000e\000t\000h\000e\000r\000n\000e\000t\000/\000e\000t\000h\000e\000r\000n\000e\000t\000.\000h\000\040\000F\000i\000l\000e\000\040\000R\000e\000f\000e\000r\000e\000n\000c\000e}{chapter.5}% 54
\BOOKMARK [2][-]{subsection.5.13.1}{\376\377\0005\000.\0001\0003\000.\0001\000\040\000D\000e\000t\000a\000i\000l\000e\000d\000\040\000D\000e\000s\000c\000r\000i\000p\000t\000i\000o\000n}{section.5.13}% 55
\BOOKMARK [2][-]{subsection.5.13.2}{\376\377\0005\000.\0001\0003\000.\0002\000\040\000F\000u\000n\000c\000t\000i\000o\000n\000\040\000D\000o\000c\000u\000m\000e\000n\000t\000a\000t\000i\000o\000n}{section.5.13}% 56
\BOOKMARK [3][-]{subsubsection.5.13.2.1}{\376\377\0005\000.\0001\0003\000.\0002\000.\0001\000\040\000E\000t\000h\000\137\000I\000n\000i\000t\000\050\000\051}{subsection.5.13.2}% 57
\BOOKMARK [3][-]{subsubsection.5.13.2.2}{\376\377\0005\000.\0001\0003\000.\0002\000.\0002\000\040\000E\000t\000h\000\137\000R\000e\000c\000e\000i\000v\000e\000\137\000M\000a\000s\000s\000a\000g\000e\000\050\000\051}{subsection.5.13.2}% 58
\BOOKMARK [3][-]{subsubsection.5.13.2.3}{\376\377\0005\000.\0001\0003\000.\0002\000.\0003\000\040\000E\000t\000h\000\137\000S\000e\000n\000d\000\137\000M\000a\000s\000s\000a\000g\000e\000\050\000\051}{subsection.5.13.2}% 59
\BOOKMARK [1][-]{section.5.14}{\376\377\0005\000.\0001\0004\000\040\000e\000t\000h\000e\000r\000n\000e\000t\000.\000h}{chapter.5}% 60
\BOOKMARK [1][-]{section.5.15}{\376\377\0005\000.\0001\0005\000\040\000C\000:\000/\000U\000s\000e\000r\000s\000/\000d\000d\000d\000/\000D\000e\000s\000k\000t\000o\000p\000/\000d\000r\000i\000v\000e\000r\000/\000H\000A\000L\000-\0000\0006\0002\000/\000S\000U\000B\000-\000H\000A\000L\000-\0000\0006\0002\000-\000p\000a\000n\000e\000l\000/\000H\000A\000L\0000\0006\0002\000\137\000p\000a\000n\000e\000l\000/\000M\000o\000d\000u\000l\000e\000s\000/\000j\000o\000y\000s\000t\000i\000c\000k\000/\000j\000o\000y\000s\000t\000i\000c\000k\000.\000c\000\040\000F\000i\000l\000e\000\040\000R\000e\000f\000e\000r\000e\000n\000c\000e}{chapter.5}% 61
\BOOKMARK [2][-]{subsection.5.15.1}{\376\377\0005\000.\0001\0005\000.\0001\000\040\000D\000e\000t\000a\000i\000l\000e\000d\000\040\000D\000e\000s\000c\000r\000i\000p\000t\000i\000o\000n}{section.5.15}% 62
\BOOKMARK [2][-]{subsection.5.15.2}{\376\377\0005\000.\0001\0005\000.\0002\000\040\000V\000a\000r\000i\000a\000b\000l\000e\000\040\000D\000o\000c\000u\000m\000e\000n\000t\000a\000t\000i\000o\000n}{section.5.15}% 63
\BOOKMARK [3][-]{subsubsection.5.15.2.1}{\376\377\0005\000.\0001\0005\000.\0002\000.\0001\000\040\000h\000i\0002\000c\0002}{subsection.5.15.2}% 64
\BOOKMARK [3][-]{subsubsection.5.15.2.2}{\376\377\0005\000.\0001\0005\000.\0002\000.\0002\000\040\000j\000o\000y\000I\000n\000i\000t\000F\000i\000n\000i\000s\000h\000e\000d}{subsection.5.15.2}% 65
\BOOKMARK [3][-]{subsubsection.5.15.2.3}{\376\377\0005\000.\0001\0005\000.\0002\000.\0003\000\040\000v\000a\000l}{subsection.5.15.2}% 66
\BOOKMARK [1][-]{section.5.16}{\376\377\0005\000.\0001\0006\000\040\000C\000:\000/\000U\000s\000e\000r\000s\000/\000d\000d\000d\000/\000D\000e\000s\000k\000t\000o\000p\000/\000d\000r\000i\000v\000e\000r\000/\000H\000A\000L\000-\0000\0006\0002\000/\000S\000U\000B\000-\000H\000A\000L\000-\0000\0006\0002\000-\000p\000a\000n\000e\000l\000/\000H\000A\000L\0000\0006\0002\000\137\000p\000a\000n\000e\000l\000/\000M\000o\000d\000u\000l\000e\000s\000/\000j\000o\000y\000s\000t\000i\000c\000k\000/\000j\000o\000y\000s\000t\000i\000c\000k\000.\000h\000\040\000F\000i\000l\000e\000\040\000R\000e\000f\000e\000r\000e\000n\000c\000e}{chapter.5}% 67
\BOOKMARK [2][-]{subsection.5.16.1}{\376\377\0005\000.\0001\0006\000.\0001\000\040\000D\000e\000t\000a\000i\000l\000e\000d\000\040\000D\000e\000s\000c\000r\000i\000p\000t\000i\000o\000n}{section.5.16}% 68
\BOOKMARK [1][-]{section.5.17}{\376\377\0005\000.\0001\0007\000\040\000j\000o\000y\000s\000t\000i\000c\000k\000.\000h}{chapter.5}% 69
\BOOKMARK [1][-]{section.5.18}{\376\377\0005\000.\0001\0008\000\040\000C\000:\000/\000U\000s\000e\000r\000s\000/\000d\000d\000d\000/\000D\000e\000s\000k\000t\000o\000p\000/\000d\000r\000i\000v\000e\000r\000/\000H\000A\000L\000-\0000\0006\0002\000/\000S\000U\000B\000-\000H\000A\000L\000-\0000\0006\0002\000-\000p\000a\000n\000e\000l\000/\000H\000A\000L\0000\0006\0002\000\137\000p\000a\000n\000e\000l\000/\000M\000o\000d\000u\000l\000e\000s\000/\000j\000o\000y\000s\000t\000i\000c\000k\000/\000j\000o\000y\000s\000t\000i\000c\000k\000\137\000c\000o\000n\000s\000t\000.\000h\000\040\000F\000i\000l\000e\000\040\000R\000e\000f\000e\000r\000e\000n\000c\000e}{chapter.5}% 70
\BOOKMARK [2][-]{subsection.5.18.1}{\376\377\0005\000.\0001\0008\000.\0001\000\040\000D\000e\000t\000a\000i\000l\000e\000d\000\040\000D\000e\000s\000c\000r\000i\000p\000t\000i\000o\000n}{section.5.18}% 71
\BOOKMARK [2][-]{subsection.5.18.2}{\376\377\0005\000.\0001\0008\000.\0002\000\040\000M\000a\000c\000r\000o\000\040\000D\000e\000f\000i\000n\000i\000t\000i\000o\000n\000\040\000D\000o\000c\000u\000m\000e\000n\000t\000a\000t\000i\000o\000n}{section.5.18}% 72
\BOOKMARK [3][-]{subsubsection.5.18.2.1}{\376\377\0005\000.\0001\0008\000.\0002\000.\0001\000\040\000C\000O\000N\000F\000I\000G\000\137\000D\000A\000T\000A}{subsection.5.18.2}% 73
\BOOKMARK [3][-]{subsubsection.5.18.2.2}{\376\377\0005\000.\0001\0008\000.\0002\000.\0002\000\040\000S\000E\000T\000U\000P\000\137\000D\000A\000T\000A}{subsection.5.18.2}% 74
\BOOKMARK [3][-]{subsubsection.5.18.2.3}{\376\377\0005\000.\0001\0008\000.\0002\000.\0003\000\040\000S\000L\000A\000V\000E\000\137\000A\000D\000D\000R\000E\000S\000S}{subsection.5.18.2}% 75
\BOOKMARK [1][-]{section.5.19}{\376\377\0005\000.\0001\0009\000\040\000j\000o\000y\000s\000t\000i\000c\000k\000\137\000c\000o\000n\000s\000t\000.\000h}{chapter.5}% 76
\BOOKMARK [1][-]{section.5.20}{\376\377\0005\000.\0002\0000\000\040\000C\000:\000/\000U\000s\000e\000r\000s\000/\000d\000d\000d\000/\000D\000e\000s\000k\000t\000o\000p\000/\000d\000r\000i\000v\000e\000r\000/\000H\000A\000L\000-\0000\0006\0002\000/\000S\000U\000B\000-\000H\000A\000L\000-\0000\0006\0002\000-\000p\000a\000n\000e\000l\000/\000H\000A\000L\0000\0006\0002\000\137\000p\000a\000n\000e\000l\000/\000M\000o\000d\000u\000l\000e\000s\000/\000L\000E\000D\000\137\000s\000w\000i\000t\000c\000h\000/\000L\000E\000D\000\137\000c\000o\000n\000s\000t\000.\000h\000\040\000F\000i\000l\000e\000\040\000R\000e\000f\000e\000r\000e\000n\000c\000e}{chapter.5}% 77
\BOOKMARK [2][-]{subsection.5.20.1}{\376\377\0005\000.\0002\0000\000.\0001\000\040\000D\000e\000t\000a\000i\000l\000e\000d\000\040\000D\000e\000s\000c\000r\000i\000p\000t\000i\000o\000n}{section.5.20}% 78
\BOOKMARK [1][-]{section.5.21}{\376\377\0005\000.\0002\0001\000\040\000L\000E\000D\000\137\000c\000o\000n\000s\000t\000.\000h}{chapter.5}% 79
\BOOKMARK [1][-]{section.5.22}{\376\377\0005\000.\0002\0002\000\040\000C\000:\000/\000U\000s\000e\000r\000s\000/\000d\000d\000d\000/\000D\000e\000s\000k\000t\000o\000p\000/\000d\000r\000i\000v\000e\000r\000/\000H\000A\000L\000-\0000\0006\0002\000/\000S\000U\000B\000-\000H\000A\000L\000-\0000\0006\0002\000-\000p\000a\000n\000e\000l\000/\000H\000A\000L\0000\0006\0002\000\137\000p\000a\000n\000e\000l\000/\000M\000o\000d\000u\000l\000e\000s\000/\000L\000E\000D\000\137\000s\000w\000i\000t\000c\000h\000/\000L\000E\000D\000\137\000s\000w\000i\000t\000c\000h\000.\000c\000\040\000F\000i\000l\000e\000\040\000R\000e\000f\000e\000r\000e\000n\000c\000e}{chapter.5}% 80
\BOOKMARK [2][-]{subsection.5.22.1}{\376\377\0005\000.\0002\0002\000.\0001\000\040\000D\000e\000t\000a\000i\000l\000e\000d\000\040\000D\000e\000s\000c\000r\000i\000p\000t\000i\000o\000n}{section.5.22}% 81
\BOOKMARK [1][-]{section.5.23}{\376\377\0005\000.\0002\0003\000\040\000C\000:\000/\000U\000s\000e\000r\000s\000/\000d\000d\000d\000/\000D\000e\000s\000k\000t\000o\000p\000/\000d\000r\000i\000v\000e\000r\000/\000H\000A\000L\000-\0000\0006\0002\000/\000S\000U\000B\000-\000H\000A\000L\000-\0000\0006\0002\000-\000p\000a\000n\000e\000l\000/\000H\000A\000L\0000\0006\0002\000\137\000p\000a\000n\000e\000l\000/\000M\000o\000d\000u\000l\000e\000s\000/\000L\000E\000D\000\137\000s\000w\000i\000t\000c\000h\000/\000L\000E\000D\000\137\000s\000w\000i\000t\000c\000h\000.\000h\000\040\000F\000i\000l\000e\000\040\000R\000e\000f\000e\000r\000e\000n\000c\000e}{chapter.5}% 82
\BOOKMARK [2][-]{subsection.5.23.1}{\376\377\0005\000.\0002\0003\000.\0001\000\040\000D\000e\000t\000a\000i\000l\000e\000d\000\040\000D\000e\000s\000c\000r\000i\000p\000t\000i\000o\000n}{section.5.23}% 83
\BOOKMARK [1][-]{section.5.24}{\376\377\0005\000.\0002\0004\000\040\000L\000E\000D\000\137\000s\000w\000i\000t\000c\000h\000.\000h}{chapter.5}% 84
\BOOKMARK [1][-]{section.5.25}{\376\377\0005\000.\0002\0005\000\040\000b\000u\000t\000t\000o\000n\000s\000\137\000t\000i\000m\000e\000r\000.\000h}{chapter.5}% 85
\BOOKMARK [1][-]{section.5.26}{\376\377\0005\000.\0002\0006\000\040\000j\000o\000y\000s\000t\000i\000c\000k\000\137\000t\000i\000m\000e\000r\000.\000h}{chapter.5}% 86
\BOOKMARK [1][-]{section.5.27}{\376\377\0005\000.\0002\0007\000\040\000w\000a\000t\000c\000h\000d\000o\000g\000.\000h}{chapter.5}% 87
\BOOKMARK [1][-]{section.5.28}{\376\377\0005\000.\0002\0008\000\040\000C\000:\000/\000U\000s\000e\000r\000s\000/\000d\000d\000d\000/\000D\000e\000s\000k\000t\000o\000p\000/\000d\000r\000i\000v\000e\000r\000/\000H\000A\000L\000-\0000\0006\0002\000/\000S\000U\000B\000-\000H\000A\000L\000-\0000\0006\0002\000-\000p\000a\000n\000e\000l\000/\000H\000A\000L\0000\0006\0002\000\137\000p\000a\000n\000e\000l\000/\000S\000r\000c\000/\000m\000a\000i\000n\000.\000c\000\040\000F\000i\000l\000e\000\040\000R\000e\000f\000e\000r\000e\000n\000c\000e}{chapter.5}% 88
\BOOKMARK [2][-]{subsection.5.28.1}{\376\377\0005\000.\0002\0008\000.\0001\000\040\000D\000e\000t\000a\000i\000l\000e\000d\000\040\000D\000e\000s\000c\000r\000i\000p\000t\000i\000o\000n}{section.5.28}% 89
\BOOKMARK [2][-]{subsection.5.28.2}{\376\377\0005\000.\0002\0008\000.\0002\000\040\000F\000u\000n\000c\000t\000i\000o\000n\000\040\000D\000o\000c\000u\000m\000e\000n\000t\000a\000t\000i\000o\000n}{section.5.28}% 90
\BOOKMARK [3][-]{subsubsection.5.28.2.1}{\376\377\0005\000.\0002\0008\000.\0002\000.\0001\000\040\000S\000y\000s\000t\000e\000m\000C\000l\000o\000c\000k\000\137\000C\000o\000n\000f\000i\000g\000\050\000\051}{subsection.5.28.2}% 91
\BOOKMARK [2][-]{subsection.5.28.3}{\376\377\0005\000.\0002\0008\000.\0003\000\040\000V\000a\000r\000i\000a\000b\000l\000e\000\040\000D\000o\000c\000u\000m\000e\000n\000t\000a\000t\000i\000o\000n}{section.5.28}% 92
\BOOKMARK [3][-]{subsubsection.5.28.3.1}{\376\377\0005\000.\0002\0008\000.\0003\000.\0001\000\040\000h\000i\000w\000d\000g\0001}{subsection.5.28.3}% 93
\BOOKMARK [3][-]{subsubsection.5.28.3.2}{\376\377\0005\000.\0002\0008\000.\0003\000.\0002\000\040\000j\000o\000y\000I\000n\000i\000t\000F\000i\000n\000i\000s\000h\000e\000d}{subsection.5.28.3}% 94
